[INFO] Starting HSGE
[INFO] Setting ASF-58 to inactive
[INFO] [HSGE] Loading options from ..\simConfig.json
[INFO] [HSGE] Option set:     allied = ../bin/Debug/net6.0/AIPProvider.dll
[INFO] [HSGE] Option set:     enemy = ../bin/Debug/net6.0/AIPProvider.dll
[WARN] [HSGE] Option default: debugAllied = False
[INFO] [HSGE] Option set:     debugEnemy = True
[WARN] [HSGE] Option default: alliedCount = 1
[WARN] [HSGE] Option default: enemyCount = 1
[INFO] [HSGE] Option set:     spawnDist = 200
[WARN] [HSGE] Option default: spawnAlt = 6000
[WARN] [HSGE] Option default: maxTime = 300
[WARN] [HSGE] Option default: noMap = False
[INFO] [HSGE] Option set:     map = ../../Map/
[WARN] [HSGE] Option default: weaponMaxes = 
[WARN] [HSGE] Option default: alliedArgs = System.String[]
[WARN] [HSGE] Option default: enemyArgs = System.String[]
[INFO] [HSGE] Recording file output: C:\Users\Martin\Documents\dotnet\Fox4\AIPProvider\sim\recording.json
[INFO] [HSGE] Spawn1: (96202.49, 6000, 98781.03), spawn2: (96195.51, 6000, 99180.97)
[INFO] [HSGE] Loading AIP for AIClient on team Allied from AIPProvider.Fox4.Fox4Provider
[INFO] [HSGE] Map load path: C:\Users\Martin\Documents\dotnet\Fox4\Map\
[INFO] [HSGE] Checking to load ../../Map/height0.png
[INFO] [HSGE] Checking to load ../../Map/height1.png
[INFO] [HSGE] Checking to load ../../Map/height2.png
[INFO] [HSGE] Checking to load ../../Map/height3.png
[INFO] [HSGE] Loaded 4 heightmap images
[INFO] [HSGE] Loading VT file: ../../Map/TestMission2.vtm
[INFO] [HSGE] Loading VT file: ../../Map/TestMission2.vts
[INFO] [HSGE] Loaded map and mission VT files!
[INFO] [HSGE] Loading height from 4 images
[INFO] [HSGE] Loading AIP for AIClient on team Enemy from AIPProvider.Fox4.Fox4Provider
[INFO] [HSGE] [AIP][][000.000] Assembly Path: C:\Users\Martin\Documents\dotnet\Fox4\AIPProvider\bin\Debug\net6.0\AIPProvider.dll
[INFO] [HSGE] [AIP][][000.000] Loading onnxruntime: C:\Users\Martin\Documents\dotnet\Fox4\AIPProvider\bin\Debug\net6.0\runtimes\win-x64\native\onnxruntime.dll
[INFO] [HSGE] Init Event: id=2 path=Vehicles/FA-26B name=dummy
[INFO] [HSGE] Init Event: id=1 path=Vehicles/FA-26B name=dummy
[INFO] [HSGE] Requesting spawn HPEquips/AFighter/fa26_gun onto hp 0
[INFO] [HSGE] Requesting spawn HPEquips/AFighter/fa26_gun onto hp 0
[WARN] [HSGE] Kplane speed is too small
[WARN] [HSGE] Kplane speed is too small
[INFO] Sim time: 10s. Sim seconds/second: 16.13, Ticks Per Second: 1453
[INFO] Sim time: 20s. Sim seconds/second: 209.13, Ticks Per Second: 18840
[INFO] Sim time: 30s. Sim seconds/second: 216.41, Ticks Per Second: 19495
[INFO] [HSGE] AIP dummy (1) executed 3062 frames, 0.0001382756368386594 ms/frame
[INFO] [HSGE] AIP dummy (2) executed 3062 frames, 0.00013223383409535585 ms/frame
[INFO] [HSGE] Winning team: Enemy
[INFO] [HSGE] Recorder ending simulation
